1689104673934	geckodriver	INFO	Listening on 127.0.0.1:60363
1689104676304	mozrunner::runner	INFO	Running command: MOZ_CRASHREPORTER="1" MOZ_CRASHREPORTER_NO_REPORT="1" MOZ_CRASHREPORTER_SHUTDOWN="1" MOZ_NO_REMOTE="1" "/usr ... te" "--remote-debugging-port" "44137" "--remote-allow-hosts" "localhost" "-no-remote" "-profile" "/tmp/rust_mozprofile48xL2Z"
console.warn: services.settings: Ignoring preference override of remote settings server
console.warn: services.settings: Allow by setting MOZ_REMOTE_SETTINGS_DEVTOOLS=1 in the environment
ATTENTION: default value of option mesa_glthread overridden by environment.
ATTENTION: default value of option mesa_glthread overridden by environment.
ATTENTION: default value of option mesa_glthread overridden by environment.
1689104679337	Marionette	INFO	Marionette enabled
1689104679350	Marionette	INFO	Listening on port 40781
Read port: 40781
Read port: 40781
WebDriver BiDi listening on ws://127.0.0.1:44137
1689104680878	RemoteAgent	WARN	TLS certificate errors will be ignored for this session
console.error: ({})
DevTools listening on ws://127.0.0.1:44137/devtools/browser/7a126742-0aa1-43c5-b87a-10c7f6c3f3b0
JavaScript warning: https://pagead2.googlesyndication.com/bg/oBMhIGozJCmZhanrY2s6Nzm7GdNkvCqEaGjKud4M6yI.js line 2 > eval line 4297 > eval line 1 > eval line 1 > eval, line 1: WEBGL_debug_renderer_info is deprecated in Firefox and will be removed. Please use RENDERER.
console.warn: services.settings: Ignoring preference override of remote settings server
console.warn: services.settings: Allow by setting MOZ_REMOTE_SETTINGS_DEVTOOLS=1 in the environment
console.error: (new TypeError("lazy.AsyncShutdown.profileBeforeChange is undefined", "resource://services-settings/Database.sys.mjs", 599))
console.error: "update.locale" " file doesn't exist in either the application or GRE directories"
JavaScript error: , line 0: TypeError: NetworkError when attempting to fetch resource.
JavaScript error: , line 0: TypeError: NetworkError when attempting to fetch resource.
JavaScript error: , line 0: TypeError: NetworkError when attempting to fetch resource.
Exiting due to channel error.
Exiting due to channel error.
Exiting due to channel error.
Exiting due to channel error.
Exiting due to channel error.
